Using pre-set license
Built from '2021.3/staging' branch; Version is '2021.3.14f1 (eee1884e7226) revision 15655304'; Using compiler version '192829333'; Build Type 'Release'
OS: 'Windows 11  (10.0.22621) 64bit Core' Language: 'fr' Physical Memory: 15629 MB
BatchMode: 1, IsHumanControllingUs: 0, StartBugReporterOnCrash: 0, Is64bit: 1, IsPro: 1

COMMAND LINE ARGUMENTS:
D:\Logiciels\Unity Editor\2021.3.14f1\Editor\Unity.exe
-adb2
-batchMode
-noUpm
-name
AssetImportWorker0
-projectPath
D:/Dossier de Travail/DocWork/Unity/Projets Unity/PacMan
-logFile
Logs/AssetImportWorker0.log
-srvPort
56344
Successfully changed project path to: D:/Dossier de Travail/DocWork/Unity/Projets Unity/PacMan
D:/Dossier de Travail/DocWork/Unity/Projets Unity/PacMan
[UnityMemory] Configuration Parameters - Can be set up in boot.config
    "memorysetup-bucket-allocator-granularity=16"
    "memorysetup-bucket-allocator-bucket-count=8"
    "memorysetup-bucket-allocator-block-size=33554432"
    "memorysetup-bucket-allocator-block-count=8"
    "memorysetup-main-allocator-block-size=16777216"
    "memorysetup-thread-allocator-block-size=16777216"
    "memorysetup-gfx-main-allocator-block-size=16777216"
    "memorysetup-gfx-thread-allocator-block-size=16777216"
    "memorysetup-cache-allocator-block-size=4194304"
    "memorysetup-typetree-allocator-block-size=2097152"
    "memorysetup-profiler-bucket-allocator-granularity=16"
    "memorysetup-profiler-bucket-allocator-bucket-count=8"
    "memorysetup-profiler-bucket-allocator-block-size=33554432"
    "memorysetup-profiler-bucket-allocator-block-count=8"
    "memorysetup-profiler-allocator-block-size=16777216"
    "memorysetup-profiler-editor-allocator-block-size=1048576"
    "memorysetup-temp-allocator-size-main=16777216"
    "memorysetup-job-temp-allocator-block-size=2097152"
    "memorysetup-job-temp-allocator-block-size-background=1048576"
    "memorysetup-job-temp-allocator-reduction-small-platforms=262144"
    "memorysetup-temp-allocator-size-background-worker=32768"
    "memorysetup-temp-allocator-size-job-worker=262144"
    "memorysetup-temp-allocator-size-preload-manager=33554432"
    "memorysetup-temp-allocator-size-nav-mesh-worker=65536"
    "memorysetup-temp-allocator-size-audio-worker=65536"
    "memorysetup-temp-allocator-size-cloud-worker=32768"
    "memorysetup-temp-allocator-size-gi-baking-worker=262144"
    "memorysetup-temp-allocator-size-gfx=262144"
Refreshing native plugins compatible for Editor in 81.08 ms, found 4 plugins.
Preloading 0 native plugins for Editor in 0.00 ms.
Initialize engine version: 2021.3.14f1 (eee1884e7226)
[Subsystems] Discovering subsystems at path D:/Logiciels/Unity Editor/2021.3.14f1/Editor/Data/Resources/UnitySubsystems
[Subsystems] Discovering subsystems at path D:/Dossier de Travail/DocWork/Unity/Projets Unity/PacMan/Assets
GfxDevice: creating device client; threaded=0; jobified=0
Direct3D:
    Version:  Direct3D 11.0 [level 11.1]
    Renderer: NVIDIA GeForce RTX 3060 Laptop GPU (ID=0x2520)
    Vendor:   NVIDIA
    VRAM:     6023 MB
    Driver:   31.0.15.1640
Initialize mono
Mono path[0] = 'D:/Logiciels/Unity Editor/2021.3.14f1/Editor/Data/Managed'
Mono path[1] = 'D:/Logiciels/Unity Editor/2021.3.14f1/Editor/Data/MonoBleedingEdge/lib/mono/unityjit-win32'
Mono config path = 'D:/Logiciels/Unity Editor/2021.3.14f1/Editor/Data/MonoBleedingEdge/etc'
Using monoOptions --debugger-agent=transport=dt_socket,embedding=1,server=y,suspend=n,address=127.0.0.1:56392
Begin MonoManager ReloadAssembly
Registering precompiled unity dll's ...
Register platform support module: D:/Logiciels/Unity Editor/2021.3.14f1/Editor/Data/PlaybackEngines/WindowsStandaloneSupport/UnityEditor.WindowsStandalone.Extensions.dll
Registered in 0.001955 seconds.
Native extension for WindowsStandalone target not found
Refreshing native plugins compatible for Editor in 83.33 ms, found 4 plugins.
Preloading 0 native plugins for Editor in 0.00 ms.
Mono: successfully reloaded assembly
- Completed reload, in  0.619 seconds
Domain Reload Profiling:
	ReloadAssembly (619ms)
		BeginReloadAssembly (71ms)
			ExecutionOrderSort (0ms)
			DisableScriptedObjects (0ms)
			BackupInstance (0ms)
			ReleaseScriptingObjects (0ms)
			CreateAndSetChildDomain (1ms)
		EndReloadAssembly (457ms)
			LoadAssemblies (70ms)
			RebuildTransferFunctionScriptingTraits (0ms)
			SetupTypeCache (106ms)
			ReleaseScriptCaches (0ms)
			RebuildScriptCaches (25ms)
			SetupLoadedEditorAssemblies (276ms)
				LogAssemblyErrors (0ms)
				InitializePlatformSupportModulesInManaged (6ms)
				SetLoadedEditorAssemblies (0ms)
				RefreshPlugins (83ms)
				BeforeProcessingInitializeOnLoad (1ms)
				ProcessInitializeOnLoadAttributes (139ms)
				ProcessInitializeOnLoadMethodAttributes (46ms)
				AfterProcessingInitializeOnLoad (0ms)
				EditorAssembliesLoaded (0ms)
			ExecutionOrderSort2 (0ms)
			AwakeInstancesAfterBackupRestoration (0ms)
Platform modules already initialized, skipping
Registering precompiled user dll's ...
Registered in 0.005274 seconds.
Begin MonoManager ReloadAssembly
Symbol file LoadedFromMemory doesn't match image D:\Dossier de Travail\DocWork\Unity\Projets Unity\PacMan\Library\PackageCache\com.unity.visualscripting@1.7.8\Editor\VisualScripting.Core\Dependencies\YamlDotNet\Unity.VisualScripting.YamlDotNet.dll
Symbol file LoadedFromMemory doesn't match image D:\Dossier de Travail\DocWork\Unity\Projets Unity\PacMan\Library\PackageCache\com.unity.visualscripting@1.7.8\Editor\VisualScripting.Core\Dependencies\DotNetZip\Unity.VisualScripting.IonicZip.dll
Native extension for WindowsStandalone target not found
Refreshing native plugins compatible for Editor in 76.00 ms, found 4 plugins.
Preloading 0 native plugins for Editor in 0.00 ms.
Mono: successfully reloaded assembly
- Completed reload, in  1.065 seconds
Domain Reload Profiling:
	ReloadAssembly (1066ms)
		BeginReloadAssembly (100ms)
			ExecutionOrderSort (0ms)
			DisableScriptedObjects (5ms)
			BackupInstance (0ms)
			ReleaseScriptingObjects (0ms)
			CreateAndSetChildDomain (23ms)
		EndReloadAssembly (861ms)
			LoadAssemblies (82ms)
			RebuildTransferFunctionScriptingTraits (0ms)
			SetupTypeCache (236ms)
			ReleaseScriptCaches (1ms)
			RebuildScriptCaches (54ms)
			SetupLoadedEditorAssemblies (447ms)
				LogAssemblyErrors (0ms)
				InitializePlatformSupportModulesInManaged (3ms)
				SetLoadedEditorAssemblies (0ms)
				RefreshPlugins (76ms)
				BeforeProcessingInitializeOnLoad (82ms)
				ProcessInitializeOnLoadAttributes (240ms)
				ProcessInitializeOnLoadMethodAttributes (43ms)
				AfterProcessingInitializeOnLoad (2ms)
				EditorAssembliesLoaded (0ms)
			ExecutionOrderSort2 (0ms)
			AwakeInstancesAfterBackupRestoration (6ms)
Platform modules already initialized, skipping
========================================================================
Worker process is ready to serve import requests
Launched and connected shader compiler UnityShaderCompiler.exe after 0.06 seconds
Refreshing native plugins compatible for Editor in 1.16 ms, found 4 plugins.
Preloading 0 native plugins for Editor in 0.00 ms.
Unloading 4043 Unused Serialized files (Serialized files now loaded: 0)
Unloading 44 unused Assets / (229.0 KB). Loaded Objects now: 4493.
Memory consumption went from 150.6 MB to 150.4 MB.
Total: 5.464200 ms (FindLiveObjects: 0.290700 ms CreateObjectMapping: 0.265900 ms MarkObjects: 4.661800 ms  DeleteObjects: 0.244200 ms)

AssetImportParameters requested are different than current active one (requested -> active):
  custom:video-decoder-ogg-theora: a1e56fd34408186e4bbccfd4996cb3dc -> 
  custom:container-muxer-webm: aa71ff27fc2769a1b78a27578f13a17b -> 
  custom:container-demuxer-webm: 4f35f7cbe854078d1ac9338744f61a02 -> 
  custom:video-encoder-webm-vp8: eb34c28f22e8b96e1ab97ce403110664 -> 
  custom:video-codec-MediaFoundation-h265: 746d11721c4dcdbdad8f713fa42b33f4 -> 
  custom:audio-encoder-webm-vorbis: bf7c407c2cedff20999df2af8eb42d56 -> 
  custom:framework-win-MediaFoundation: 216162199b28c13a410421893ffa2e32 -> 
  custom:container-demuxer-ogg: 62fdf1f143b41e24485cea50d1cbac27 -> 
  custom:video-decoder-webm-vp8: 9c59270c3fd7afecdb556c50c9e8de78 -> 
  custom:audio-decoder-ogg-vorbis: bf7c407c2cedff20999df2af8eb42d56 -> 
========================================================================
Received Import Request.
  Time since last request: 179530.588302 seconds.
  path: Assets/Samples/2D Tilemap Extras/2.2.3/Dungeon Rule Tile
  artifactKey: Guid(28fd50975119b174daf6ec7fbf03b7c2) Importer(815301076,1909f56bfc062723c751e8b465ee728b)
Start importing Assets/Samples/2D Tilemap Extras/2.2.3/Dungeon Rule Tile using Guid(28fd50975119b174daf6ec7fbf03b7c2) Importer(815301076,1909f56bfc062723c751e8b465ee728b)  -> (artifact id: '6bb9f623bb9fe337854f7351f50b3646') in 0.009809 seconds 
========================================================================
Received Import Request.
  Time since last request: 82.140032 seconds.
  path: Assets/Samples/2D Tilemap Extras/2.2.3/Dungeon Rule Tile/Sprites
  artifactKey: Guid(6fc04bccb4fcb8449a8abca1e2f6b468) Importer(815301076,1909f56bfc062723c751e8b465ee728b)
Start importing Assets/Samples/2D Tilemap Extras/2.2.3/Dungeon Rule Tile/Sprites using Guid(6fc04bccb4fcb8449a8abca1e2f6b468) Importer(815301076,1909f56bfc062723c751e8b465ee728b)  -> (artifact id: 'aca85b9f92d769baea7ce56f42c40994') in 0.001364 seconds 
========================================================================
Received Import Request.
  Time since last request: 0.071357 seconds.
  path: Assets/Samples/2D Tilemap Extras/2.2.3/Dungeon Rule Tile/Sprites/Dungeon.png
  artifactKey: Guid(4e794009527fa49a7a0e11880aaa3a50) Importer(815301076,1909f56bfc062723c751e8b465ee728b)
Start importing Assets/Samples/2D Tilemap Extras/2.2.3/Dungeon Rule Tile/Sprites/Dungeon.png using Guid(4e794009527fa49a7a0e11880aaa3a50) Importer(815301076,1909f56bfc062723c751e8b465ee728b)  -> (artifact id: '536e3845cbd48f74485c6d67260640a4') in 0.150450 seconds 
========================================================================
Received Import Request.
  Time since last request: 6.951791 seconds.
  path: Assets/Samples/2D Tilemap Extras/2.2.3/Dungeon Rule Tile/Tiles
  artifactKey: Guid(416b855e4bd1add4ca2df5063ab47bb0) Importer(815301076,1909f56bfc062723c751e8b465ee728b)
Start importing Assets/Samples/2D Tilemap Extras/2.2.3/Dungeon Rule Tile/Tiles using Guid(416b855e4bd1add4ca2df5063ab47bb0) Importer(815301076,1909f56bfc062723c751e8b465ee728b)  -> (artifact id: 'cacb158354f910cc28f825bbd5da7d61') in 0.001393 seconds 
========================================================================
Received Import Request.
  Time since last request: 0.067919 seconds.
  path: Assets/Samples/2D Tilemap Extras/2.2.3/Dungeon Rule Tile/Tiles/Dungeon.asset
  artifactKey: Guid(08002d404144b40bf842342dda8fa3e4) Importer(815301076,1909f56bfc062723c751e8b465ee728b)
Start importing Assets/Samples/2D Tilemap Extras/2.2.3/Dungeon Rule Tile/Tiles/Dungeon.asset using Guid(08002d404144b40bf842342dda8fa3e4) Importer(815301076,1909f56bfc062723c751e8b465ee728b)  -> (artifact id: '267f2a0057d02d2619921de508d2e164') in 0.039738 seconds 
========================================================================
Received Import Request.
  Time since last request: 4.432808 seconds.
  path: Assets/Samples/2D Tilemap Extras/2.2.3
  artifactKey: Guid(050152e335fac5c4bb25d528a415a30b) Importer(815301076,1909f56bfc062723c751e8b465ee728b)
Start importing Assets/Samples/2D Tilemap Extras/2.2.3 using Guid(050152e335fac5c4bb25d528a415a30b) Importer(815301076,1909f56bfc062723c751e8b465ee728b)  -> (artifact id: 'cd6b41853c2237407d15386d95e1ec67') in 0.001212 seconds 
========================================================================
Received Import Request.
  Time since last request: 0.561819 seconds.
  path: Assets/Samples/2D Tilemap Extras/2.2.3/Pipe Rule Tile
  artifactKey: Guid(724d64aad0623a84e8ee829361ca3f07) Importer(815301076,1909f56bfc062723c751e8b465ee728b)
Start importing Assets/Samples/2D Tilemap Extras/2.2.3/Pipe Rule Tile using Guid(724d64aad0623a84e8ee829361ca3f07) Importer(815301076,1909f56bfc062723c751e8b465ee728b)  -> (artifact id: '71eab59f3c782bd54cd4ddd860996214') in 0.001355 seconds 
========================================================================
Received Import Request.
  Time since last request: 0.975594 seconds.
  path: Assets/Samples/2D Tilemap Extras/2.2.3/Pipe Rule Tile/Sprites
  artifactKey: Guid(b1dc82eac26870c489b989fcfebbb36e) Importer(815301076,1909f56bfc062723c751e8b465ee728b)
Start importing Assets/Samples/2D Tilemap Extras/2.2.3/Pipe Rule Tile/Sprites using Guid(b1dc82eac26870c489b989fcfebbb36e) Importer(815301076,1909f56bfc062723c751e8b465ee728b)  -> (artifact id: '369372d398ee38e180967f4b4d527876') in 0.001032 seconds 
========================================================================
Received Import Request.
  Time since last request: 0.058132 seconds.
  path: Assets/Samples/2D Tilemap Extras/2.2.3/Pipe Rule Tile/Sprites/Pipes.png
  artifactKey: Guid(1ebc1aff258f04220b2ce4e1240442fa) Importer(815301076,1909f56bfc062723c751e8b465ee728b)
Start importing Assets/Samples/2D Tilemap Extras/2.2.3/Pipe Rule Tile/Sprites/Pipes.png using Guid(1ebc1aff258f04220b2ce4e1240442fa) Importer(815301076,1909f56bfc062723c751e8b465ee728b)  -> (artifact id: '2e3b1aa6db6599734f87f31f0341029f') in 0.020676 seconds 
========================================================================
Received Import Request.
  Time since last request: 2.392358 seconds.
  path: Assets/Samples/2D Tilemap Extras/2.2.3/Waterfall Animated Tile
  artifactKey: Guid(c0052cbdfc7da1843beb61158fb3ceb2) Importer(815301076,1909f56bfc062723c751e8b465ee728b)
Start importing Assets/Samples/2D Tilemap Extras/2.2.3/Waterfall Animated Tile using Guid(c0052cbdfc7da1843beb61158fb3ceb2) Importer(815301076,1909f56bfc062723c751e8b465ee728b)  -> (artifact id: 'b7fac0a9c75e0f551957ffafdd3f9911') in 0.001226 seconds 
========================================================================
Received Import Request.
  Time since last request: 0.756040 seconds.
  path: Assets/Samples/2D Tilemap Extras/2.2.3/Waterfall Animated Tile/Sprites
  artifactKey: Guid(ca77babfde6846847baae299c9f5f088) Importer(815301076,1909f56bfc062723c751e8b465ee728b)
Start importing Assets/Samples/2D Tilemap Extras/2.2.3/Waterfall Animated Tile/Sprites using Guid(ca77babfde6846847baae299c9f5f088) Importer(815301076,1909f56bfc062723c751e8b465ee728b)  -> (artifact id: '1b6d658ed21f8f2f1b119ef6d0ff4f8c') in 0.001016 seconds 
========================================================================
Received Import Request.
  Time since last request: 0.065790 seconds.
  path: Assets/Samples/2D Tilemap Extras/2.2.3/Waterfall Animated Tile/Sprites/Waterfall.png
  artifactKey: Guid(ea3d66a7edd9d46d38e40be89ae8d3cf) Importer(815301076,1909f56bfc062723c751e8b465ee728b)
Start importing Assets/Samples/2D Tilemap Extras/2.2.3/Waterfall Animated Tile/Sprites/Waterfall.png using Guid(ea3d66a7edd9d46d38e40be89ae8d3cf) Importer(815301076,1909f56bfc062723c751e8b465ee728b)  -> (artifact id: '37e9ca5173779635cf98c0e9ae25477f') in 0.027039 seconds 
========================================================================
Received Import Request.
  Time since last request: 5.304383 seconds.
  path: Assets/Scenes
  artifactKey: Guid(131a6b21c8605f84396be9f6751fb6e3) Importer(815301076,1909f56bfc062723c751e8b465ee728b)
Start importing Assets/Scenes using Guid(131a6b21c8605f84396be9f6751fb6e3) Importer(815301076,1909f56bfc062723c751e8b465ee728b)  -> (artifact id: '2c23e514d24f6b65fe96946cd87fc526') in 0.001187 seconds 
========================================================================
Received Import Request.
  Time since last request: 2.259234 seconds.
  path: Assets/Scenes/SampleScene.unity
  artifactKey: Guid(2cda990e2423bbf4892e6590ba056729) Importer(815301076,1909f56bfc062723c751e8b465ee728b)
Start importing Assets/Scenes/SampleScene.unity using Guid(2cda990e2423bbf4892e6590ba056729) Importer(815301076,1909f56bfc062723c751e8b465ee728b)  -> (artifact id: 'e24c38ded777c6eac716cf6ee885caa1') in 0.001468 seconds 
========================================================================
Received Import Request.
  Time since last request: 2.546261 seconds.
  path: Assets/Samples
  artifactKey: Guid(61d55a54077c50343850aa4e35b2ccbd) Importer(815301076,1909f56bfc062723c751e8b465ee728b)
Start importing Assets/Samples using Guid(61d55a54077c50343850aa4e35b2ccbd) Importer(815301076,1909f56bfc062723c751e8b465ee728b)  -> (artifact id: '27fa7d37fcbe530bc3866fa23f1ff6d8') in 0.001197 seconds 
========================================================================
Received Import Request.
  Time since last request: 0.951116 seconds.
  path: Assets/Samples/2D Tilemap Extras
  artifactKey: Guid(4fb008ffa257a2d409b95537fd7a8fd8) Importer(815301076,1909f56bfc062723c751e8b465ee728b)
Start importing Assets/Samples/2D Tilemap Extras using Guid(4fb008ffa257a2d409b95537fd7a8fd8) Importer(815301076,1909f56bfc062723c751e8b465ee728b)  -> (artifact id: 'c32eb51ffb8db0fa1c6b722a90af32a6') in 0.001278 seconds 
========================================================================
Received Import Request.
  Time since last request: 47.790289 seconds.
  path: Assets/Scenes/Pacman.unity
  artifactKey: Guid(2cda990e2423bbf4892e6590ba056729) Importer(815301076,1909f56bfc062723c751e8b465ee728b)
Start importing Assets/Scenes/Pacman.unity using Guid(2cda990e2423bbf4892e6590ba056729) Importer(815301076,1909f56bfc062723c751e8b465ee728b)  -> (artifact id: '3daece6e272b6cee2ae770974413f191') in 0.001406 seconds 
========================================================================
Received Import Request.
  Time since last request: 237.335763 seconds.
  path: ProjectSettings/TagManager.asset
  artifactKey: Guid(00000000000000003000000000000000) Importer(815301076,1909f56bfc062723c751e8b465ee728b)
Start importing ProjectSettings/TagManager.asset using Guid(00000000000000003000000000000000) Importer(815301076,1909f56bfc062723c751e8b465ee728b)  -> (artifact id: '5f74b9f0782f3ffe8a654b2b60a9f33c') in 0.002296 seconds 
========================================================================
Received Import Request.
  Time since last request: 73.298105 seconds.
  path: ProjectSettings/TagManager.asset
  artifactKey: Guid(00000000000000003000000000000000) Importer(815301076,1909f56bfc062723c751e8b465ee728b)
Start importing ProjectSettings/TagManager.asset using Guid(00000000000000003000000000000000) Importer(815301076,1909f56bfc062723c751e8b465ee728b)  -> (artifact id: '2929dbb3a21976c8ff17adbac26e7b24') in 0.001520 seconds 
========================================================================
Received Import Request.
  Time since last request: 808.176819 seconds.
  path: Assets/Sprites
  artifactKey: Guid(1db5fad42229aee4c91663b7da72ca03) Importer(815301076,1909f56bfc062723c751e8b465ee728b)
Start importing Assets/Sprites using Guid(1db5fad42229aee4c91663b7da72ca03) Importer(815301076,1909f56bfc062723c751e8b465ee728b)  -> (artifact id: 'b55766b443049181d71812ec0c4d84c8') in 0.001251 seconds 
========================================================================
Received Import Request.
  Time since last request: 0.112387 seconds.
  path: Assets/Sprites/Fruit_Apple.png
  artifactKey: Guid(333efda297305804ab18ba62c4a59b0d) Importer(815301076,1909f56bfc062723c751e8b465ee728b)
Start importing Assets/Sprites/Fruit_Apple.png using Guid(333efda297305804ab18ba62c4a59b0d) Importer(815301076,1909f56bfc062723c751e8b465ee728b)  -> (artifact id: '26e5341ee1944530080ea9f953278798') in 0.012330 seconds 
========================================================================
Received Import Request.
  Time since last request: 0.001223 seconds.
  path: Assets/Sprites/Fruit_Orange.png
  artifactKey: Guid(1f934a213c2899840a159f72b7f44e57) Importer(815301076,1909f56bfc062723c751e8b465ee728b)
Start importing Assets/Sprites/Fruit_Orange.png using Guid(1f934a213c2899840a159f72b7f44e57) Importer(815301076,1909f56bfc062723c751e8b465ee728b)  -> (artifact id: '26d8ddb4eff0c1708d6be576280896aa') in 0.014104 seconds 
========================================================================
Received Import Request.
  Time since last request: 0.000031 seconds.
  path: Assets/Sprites/Pacman_02.png
  artifactKey: Guid(1f9604f5749fde646a59a72c9ee1cd3a) Importer(815301076,1909f56bfc062723c751e8b465ee728b)
Start importing Assets/Sprites/Pacman_02.png using Guid(1f9604f5749fde646a59a72c9ee1cd3a) Importer(815301076,1909f56bfc062723c751e8b465ee728b)  -> (artifact id: '9d5267b227a26f96f7001d970ac23ee6') in 0.010407 seconds 
========================================================================
Received Import Request.
  Time since last request: 0.000030 seconds.
  path: Assets/Sprites/Pellet_Large.png
  artifactKey: Guid(f5539a5cab8e4b0479adf95423fa7c86) Importer(815301076,1909f56bfc062723c751e8b465ee728b)
Start importing Assets/Sprites/Pellet_Large.png using Guid(f5539a5cab8e4b0479adf95423fa7c86) Importer(815301076,1909f56bfc062723c751e8b465ee728b)  -> (artifact id: '653a7cc6a964a3cc84bb36bc08fe216d') in 0.021466 seconds 
========================================================================
Received Import Request.
  Time since last request: 0.000024 seconds.
  path: Assets/Sprites/Fruit_GalaxianStarship.png
  artifactKey: Guid(43287113cc1900f44a90a7c880c6c0f6) Importer(815301076,1909f56bfc062723c751e8b465ee728b)
Start importing Assets/Sprites/Fruit_GalaxianStarship.png using Guid(43287113cc1900f44a90a7c880c6c0f6) Importer(815301076,1909f56bfc062723c751e8b465ee728b)  -> (artifact id: '0763b4713978f99597a321316400a37a') in 0.016387 seconds 
========================================================================
Received Import Request.
  Time since last request: 0.000038 seconds.
  path: Assets/Sprites/Fruit_Melon.png
  artifactKey: Guid(76efc71326ce0624b86ebac20e4ad950) Importer(815301076,1909f56bfc062723c751e8b465ee728b)
Start importing Assets/Sprites/Fruit_Melon.png using Guid(76efc71326ce0624b86ebac20e4ad950) Importer(815301076,1909f56bfc062723c751e8b465ee728b)  -> (artifact id: 'ba9691ddac417f2c81ea990c312f8285') in 0.009409 seconds 
========================================================================
Received Import Request.
  Time since last request: 0.000024 seconds.
  path: Assets/Sprites/Wall_06.png
  artifactKey: Guid(2cf5def0f3636524eac3f7ccdbe38837) Importer(815301076,1909f56bfc062723c751e8b465ee728b)
Start importing Assets/Sprites/Wall_06.png using Guid(2cf5def0f3636524eac3f7ccdbe38837) Importer(815301076,1909f56bfc062723c751e8b465ee728b)  -> (artifact id: '0b781a9514f60121407008b76ea91fc7') in 0.010267 seconds 
========================================================================
Received Import Request.
  Time since last request: 0.000028 seconds.
  path: Assets/Sprites/Ghost_Body_01.png
  artifactKey: Guid(afc3b534b8a93544984cf1676ba61ae4) Importer(815301076,1909f56bfc062723c751e8b465ee728b)
Start importing Assets/Sprites/Ghost_Body_01.png using Guid(afc3b534b8a93544984cf1676ba61ae4) Importer(815301076,1909f56bfc062723c751e8b465ee728b)  -> (artifact id: '8866248d860d98bd3a4e340f3fe3c34b') in 0.009468 seconds 
========================================================================
Received Import Request.
  Time since last request: 0.000021 seconds.
  path: Assets/Sprites/Wall_00.png
  artifactKey: Guid(e52ee8a5840dcaf4499f536c1580873c) Importer(815301076,1909f56bfc062723c751e8b465ee728b)
Start importing Assets/Sprites/Wall_00.png using Guid(e52ee8a5840dcaf4499f536c1580873c) Importer(815301076,1909f56bfc062723c751e8b465ee728b)  -> (artifact id: 'ee4fdb5fad298d548d3eeabb7adf1f66') in 0.010187 seconds 
========================================================================
Received Import Request.
  Time since last request: 0.000032 seconds.
  path: Assets/Sprites/Wall_04.png
  artifactKey: Guid(8fe1022521c11cb47a859a6bfb7a6777) Importer(815301076,1909f56bfc062723c751e8b465ee728b)
Start importing Assets/Sprites/Wall_04.png using Guid(8fe1022521c11cb47a859a6bfb7a6777) Importer(815301076,1909f56bfc062723c751e8b465ee728b)  -> (artifact id: 'e68824f7e191e0efdfe6e2515db71d84') in 0.010171 seconds 
========================================================================
Received Import Request.
  Time since last request: 0.000042 seconds.
  path: Assets/Sprites/Pacman_Death_04.png
  artifactKey: Guid(5831e314f767e4343be659f70d5311d8) Importer(815301076,1909f56bfc062723c751e8b465ee728b)
Start importing Assets/Sprites/Pacman_Death_04.png using Guid(5831e314f767e4343be659f70d5311d8) Importer(815301076,1909f56bfc062723c751e8b465ee728b)  -> (artifact id: '255029de900ad789d841f0aef6c9f4fd') in 0.009681 seconds 
========================================================================
Received Import Request.
  Time since last request: 0.000029 seconds.
  path: Assets/Sprites/Ghost_Vulnerable_White_01.png
  artifactKey: Guid(a66fca21a2eaf43459e2fbb561e630d6) Importer(815301076,1909f56bfc062723c751e8b465ee728b)
Start importing Assets/Sprites/Ghost_Vulnerable_White_01.png using Guid(a66fca21a2eaf43459e2fbb561e630d6) Importer(815301076,1909f56bfc062723c751e8b465ee728b)  -> (artifact id: '5b244bcb686542d944c8d62da2550819') in 0.009102 seconds 
========================================================================
Received Import Request.
  Time since last request: 0.000022 seconds.
  path: Assets/Sprites/Fruit_Cherry.png
  artifactKey: Guid(bcf9abba0c5011447aedacaa56f809a4) Importer(815301076,1909f56bfc062723c751e8b465ee728b)
Start importing Assets/Sprites/Fruit_Cherry.png using Guid(bcf9abba0c5011447aedacaa56f809a4) Importer(815301076,1909f56bfc062723c751e8b465ee728b)  -> (artifact id: '1b696b4189dbdf514bbfbc28dbc04a4c') in 0.009889 seconds 
========================================================================
Received Import Request.
  Time since last request: 0.000021 seconds.
  path: Assets/Sprites/Ghost_Vulnerable_Blue_02.png
  artifactKey: Guid(d5e15c75b88558b469ecc97990cce215) Importer(815301076,1909f56bfc062723c751e8b465ee728b)
Start importing Assets/Sprites/Ghost_Vulnerable_Blue_02.png using Guid(d5e15c75b88558b469ecc97990cce215) Importer(815301076,1909f56bfc062723c751e8b465ee728b)  -> (artifact id: 'c955dbac3c7ffbc95189fbd2f84916bd') in 0.011717 seconds 
========================================================================
Received Import Request.
  Time since last request: 0.000034 seconds.
  path: Assets/Sprites/Pacman_Death_01.png
  artifactKey: Guid(7c2a3428d5369f54e89eac69cd0ee74f) Importer(815301076,1909f56bfc062723c751e8b465ee728b)
Start importing Assets/Sprites/Pacman_Death_01.png using Guid(7c2a3428d5369f54e89eac69cd0ee74f) Importer(815301076,1909f56bfc062723c751e8b465ee728b)  -> (artifact id: '9d82a9255ae10c0e8471601de44e3dd1') in 0.011487 seconds 
========================================================================
Received Import Request.
  Time since last request: 0.000027 seconds.
  path: Assets/Sprites/Node.png
  artifactKey: Guid(73ec44e4741057941bfbfd484bd0ff60) Importer(815301076,1909f56bfc062723c751e8b465ee728b)
Start importing Assets/Sprites/Node.png using Guid(73ec44e4741057941bfbfd484bd0ff60) Importer(815301076,1909f56bfc062723c751e8b465ee728b)  -> (artifact id: '8ddf235d16d8ece95f70a8ada8d68a48') in 0.011794 seconds 
========================================================================
Received Import Request.
  Time since last request: 0.000023 seconds.
  path: Assets/Sprites/Wall_08.png
  artifactKey: Guid(8d3e7acfbe56ae24d8bf1c6d9b99af6d) Importer(815301076,1909f56bfc062723c751e8b465ee728b)
Start importing Assets/Sprites/Wall_08.png using Guid(8d3e7acfbe56ae24d8bf1c6d9b99af6d) Importer(815301076,1909f56bfc062723c751e8b465ee728b)  -> (artifact id: 'ab78219c6423244aa7678579a3e37cd7') in 0.008487 seconds 
========================================================================
Received Import Request.
  Time since last request: 0.000023 seconds.
  path: Assets/Sprites/Pacman_Death_05.png
  artifactKey: Guid(7ae4f038555669349b19305499ef3267) Importer(815301076,1909f56bfc062723c751e8b465ee728b)
Start importing Assets/Sprites/Pacman_Death_05.png using Guid(7ae4f038555669349b19305499ef3267) Importer(815301076,1909f56bfc062723c751e8b465ee728b)  -> (artifact id: 'fa022e9326897c5b1121723f5ec852f4') in 0.010583 seconds 
========================================================================
Received Import Request.
  Time since last request: 0.000025 seconds.
  path: Assets/Sprites/Ghost_Body_02.png
  artifactKey: Guid(6f51e42bf59063c4ab7a5608a42bd23d) Importer(815301076,1909f56bfc062723c751e8b465ee728b)
Start importing Assets/Sprites/Ghost_Body_02.png using Guid(6f51e42bf59063c4ab7a5608a42bd23d) Importer(815301076,1909f56bfc062723c751e8b465ee728b)  -> (artifact id: '869f4a265d407626056d264107788498') in 0.009976 seconds 
========================================================================
Received Import Request.
  Time since last request: 0.000032 seconds.
  path: Assets/Sprites/Pacman_Death_07.png
  artifactKey: Guid(2218b2226c23db74c8e39a743542e2e3) Importer(815301076,1909f56bfc062723c751e8b465ee728b)
Start importing Assets/Sprites/Pacman_Death_07.png using Guid(2218b2226c23db74c8e39a743542e2e3) Importer(815301076,1909f56bfc062723c751e8b465ee728b)  -> (artifact id: '17dfa4a6a3a26007b083b73c232b0c89') in 0.010224 seconds 
========================================================================
Received Import Request.
  Time since last request: 0.000027 seconds.
  path: Assets/Sprites/Pacman_Death_02.png
  artifactKey: Guid(c2677ca0e0dc70f42a7f29031ae0a7d5) Importer(815301076,1909f56bfc062723c751e8b465ee728b)
Start importing Assets/Sprites/Pacman_Death_02.png using Guid(c2677ca0e0dc70f42a7f29031ae0a7d5) Importer(815301076,1909f56bfc062723c751e8b465ee728b)  -> (artifact id: '29ae71d1efe30a04d279783b1e06e766') in 0.009719 seconds 
========================================================================
Received Import Request.
  Time since last request: 0.000022 seconds.
  path: Assets/Sprites/Wall_01.png
  artifactKey: Guid(10fbf9dc56da36c45a97cdf11ee1ff64) Importer(815301076,1909f56bfc062723c751e8b465ee728b)
Start importing Assets/Sprites/Wall_01.png using Guid(10fbf9dc56da36c45a97cdf11ee1ff64) Importer(815301076,1909f56bfc062723c751e8b465ee728b)  -> (artifact id: 'a60fdf2156858ca2d70f4b5df622d9de') in 0.006979 seconds 
========================================================================
Received Import Request.
  Time since last request: 0.000050 seconds.
  path: Assets/Sprites/Fruit_Key.png
  artifactKey: Guid(77161e8e8bee8ad4280d90b263fece75) Importer(815301076,1909f56bfc062723c751e8b465ee728b)
Start importing Assets/Sprites/Fruit_Key.png using Guid(77161e8e8bee8ad4280d90b263fece75) Importer(815301076,1909f56bfc062723c751e8b465ee728b)  -> (artifact id: '760beac32f5975e454086753e9e3215b') in 0.009529 seconds 
========================================================================
Received Import Request.
  Time since last request: 0.000030 seconds.
  path: Assets/Sprites/Wall_10.png
  artifactKey: Guid(d7b8d195d13895a43a865dbf51e0f9d5) Importer(815301076,1909f56bfc062723c751e8b465ee728b)
Start importing Assets/Sprites/Wall_10.png using Guid(d7b8d195d13895a43a865dbf51e0f9d5) Importer(815301076,1909f56bfc062723c751e8b465ee728b)  -> (artifact id: '31aa4a4ea75fcdcc00fb5b52be27445f') in 0.007297 seconds 
========================================================================
Received Import Request.
  Time since last request: 0.000039 seconds.
  path: Assets/Sprites/Pacman_03.png
  artifactKey: Guid(f8f2ab5881c3e9949bf4ffe9525a0fb7) Importer(815301076,1909f56bfc062723c751e8b465ee728b)
Start importing Assets/Sprites/Pacman_03.png using Guid(f8f2ab5881c3e9949bf4ffe9525a0fb7) Importer(815301076,1909f56bfc062723c751e8b465ee728b)  -> (artifact id: 'ae778ec085b3cee7200e4063d3c73e8d') in 0.007798 seconds 
========================================================================
Received Import Request.
  Time since last request: 0.000027 seconds.
  path: Assets/Sprites/Pellet_Medium.png
  artifactKey: Guid(f3ad6a179f966804cad0514a2acbf0b0) Importer(815301076,1909f56bfc062723c751e8b465ee728b)
Start importing Assets/Sprites/Pellet_Medium.png using Guid(f3ad6a179f966804cad0514a2acbf0b0) Importer(815301076,1909f56bfc062723c751e8b465ee728b)  -> (artifact id: 'b2c321205e406fb9f3abddc9d7311a83') in 0.009474 seconds 
========================================================================
Received Import Request.
  Time since last request: 1.155938 seconds.
  path: Assets/Sprites/Wall_13.png
  artifactKey: Guid(edd6f6eaca1f9a445b8305efd75e8b2b) Importer(815301076,1909f56bfc062723c751e8b465ee728b)
Start importing Assets/Sprites/Wall_13.png using Guid(edd6f6eaca1f9a445b8305efd75e8b2b) Importer(815301076,1909f56bfc062723c751e8b465ee728b)  -> (artifact id: '1ba4a7d202f550b8da67102d0b131eb4') in 0.006726 seconds 
========================================================================
Received Import Request.
  Time since last request: 0.000022 seconds.
  path: Assets/Sprites/Wall_23.png
  artifactKey: Guid(8ec9db974ae7c5d409885b239d2ec55b) Importer(815301076,1909f56bfc062723c751e8b465ee728b)
Start importing Assets/Sprites/Wall_23.png using Guid(8ec9db974ae7c5d409885b239d2ec55b) Importer(815301076,1909f56bfc062723c751e8b465ee728b)  -> (artifact id: 'ca892e0c5be63c01035c7fefd38d16d8') in 0.007458 seconds 
========================================================================
Received Import Request.
  Time since last request: 0.000024 seconds.
  path: Assets/Sprites/Wall_24.png
  artifactKey: Guid(3ba0ad1f842285948b092fe1a77f1370) Importer(815301076,1909f56bfc062723c751e8b465ee728b)
Start importing Assets/Sprites/Wall_24.png using Guid(3ba0ad1f842285948b092fe1a77f1370) Importer(815301076,1909f56bfc062723c751e8b465ee728b)  -> (artifact id: '39901ec88903908d3a2deeadf5dd08d4') in 0.007139 seconds 
========================================================================
Received Import Request.
  Time since last request: 0.000028 seconds.
  path: Assets/Sprites/Wall_16.png
  artifactKey: Guid(369fed99b29f81d4d926569de4472465) Importer(815301076,1909f56bfc062723c751e8b465ee728b)
Start importing Assets/Sprites/Wall_16.png using Guid(369fed99b29f81d4d926569de4472465) Importer(815301076,1909f56bfc062723c751e8b465ee728b)  -> (artifact id: '34273caeca230196b016706fff88df91') in 0.007001 seconds 
========================================================================
Received Import Request.
  Time since last request: 0.000052 seconds.
  path: Assets/Sprites/Wall_17.png
  artifactKey: Guid(3f52fd47e1d19304b831203ccebde5bf) Importer(815301076,1909f56bfc062723c751e8b465ee728b)
Start importing Assets/Sprites/Wall_17.png using Guid(3f52fd47e1d19304b831203ccebde5bf) Importer(815301076,1909f56bfc062723c751e8b465ee728b)  -> (artifact id: '72824f8c9183d4847668bba1f339f47a') in 0.007605 seconds 
========================================================================
Received Import Request.
  Time since last request: 0.000024 seconds.
  path: Assets/Sprites/Wall_19.png
  artifactKey: Guid(ca95097f2fe56674ba66a459ac8d79ac) Importer(815301076,1909f56bfc062723c751e8b465ee728b)
Start importing Assets/Sprites/Wall_19.png using Guid(ca95097f2fe56674ba66a459ac8d79ac) Importer(815301076,1909f56bfc062723c751e8b465ee728b)  -> (artifact id: 'dba7e6e99eeb34aab6d7f509b7b0718d') in 0.006307 seconds 
========================================================================
Received Import Request.
  Time since last request: 0.251547 seconds.
  path: Assets/Sprites/Wall_25.png
  artifactKey: Guid(390315a1a73bd8842aa4f2e05efe647a) Importer(815301076,1909f56bfc062723c751e8b465ee728b)
Start importing Assets/Sprites/Wall_25.png using Guid(390315a1a73bd8842aa4f2e05efe647a) Importer(815301076,1909f56bfc062723c751e8b465ee728b)  -> (artifact id: '75ed4178a5c0064c6515f71e72231770') in 0.007382 seconds 
========================================================================
Received Import Request.
  Time since last request: 0.000016 seconds.
  path: Assets/Sprites/Wall_31.png
  artifactKey: Guid(2b5a88d05512c574f8fbefbe5cbc71e9) Importer(815301076,1909f56bfc062723c751e8b465ee728b)
Start importing Assets/Sprites/Wall_31.png using Guid(2b5a88d05512c574f8fbefbe5cbc71e9) Importer(815301076,1909f56bfc062723c751e8b465ee728b)  -> (artifact id: 'c83243c1ccd2d63f131ac8b5bce6b94c') in 0.008749 seconds 
========================================================================
Received Import Request.
  Time since last request: 0.000016 seconds.
  path: Assets/Sprites/Wall_27.png
  artifactKey: Guid(39e3fa3fcbaf196489ad0e7e74bce721) Importer(815301076,1909f56bfc062723c751e8b465ee728b)
Start importing Assets/Sprites/Wall_27.png using Guid(39e3fa3fcbaf196489ad0e7e74bce721) Importer(815301076,1909f56bfc062723c751e8b465ee728b)  -> (artifact id: '0bb0bdb9f8f409e8e6b5f05fef712496') in 0.006441 seconds 
========================================================================
Received Import Request.
  Time since last request: 0.000037 seconds.
  path: Assets/Sprites/Wall_32.png
  artifactKey: Guid(136f271ecf4824245a51cb283d33d5fc) Importer(815301076,1909f56bfc062723c751e8b465ee728b)
Start importing Assets/Sprites/Wall_32.png using Guid(136f271ecf4824245a51cb283d33d5fc) Importer(815301076,1909f56bfc062723c751e8b465ee728b)  -> (artifact id: '68c37651b194d33f39f2f596fe6e64c5') in 0.007603 seconds 
========================================================================
Received Import Request.
  Time since last request: 0.000023 seconds.
  path: Assets/Sprites/Wall_29.png
  artifactKey: Guid(1281c669df473ee4099877bc91b5a04a) Importer(815301076,1909f56bfc062723c751e8b465ee728b)
Start importing Assets/Sprites/Wall_29.png using Guid(1281c669df473ee4099877bc91b5a04a) Importer(815301076,1909f56bfc062723c751e8b465ee728b)  -> (artifact id: '4f5e66c577014465746e561b5e71e5f7') in 0.006318 seconds 
========================================================================
Received Import Request.
  Time since last request: 0.000029 seconds.
  path: Assets/Sprites/Wall_36.png
  artifactKey: Guid(b205f5c04b61b034fb3275def4c4af50) Importer(815301076,1909f56bfc062723c751e8b465ee728b)
Start importing Assets/Sprites/Wall_36.png using Guid(b205f5c04b61b034fb3275def4c4af50) Importer(815301076,1909f56bfc062723c751e8b465ee728b)  -> (artifact id: '75cb09aba5735c832d131dc25cc99a4b') in 0.006936 seconds 
========================================================================
Received Import Request.
  Time since last request: 0.000019 seconds.
  path: Assets/Sprites/Wall_35.png
  artifactKey: Guid(33049e65c3e2df443a07c4d4147162e0) Importer(815301076,1909f56bfc062723c751e8b465ee728b)
Start importing Assets/Sprites/Wall_35.png using Guid(33049e65c3e2df443a07c4d4147162e0) Importer(815301076,1909f56bfc062723c751e8b465ee728b)  -> (artifact id: '923473b641305334a601f699fc470ebc') in 0.006392 seconds 
Editor requested this worker to shutdown with reason: Scaling down because of idle timeout
AssetImportWorker is now disconnected from the server
Process exiting
Exiting without the bug reporter. Application will terminate with return code 0